Using network 'development'.

Contract instance address: [object Object]
Token name: TTToken
Token decimals: 18
Total supply: 102000000
Before transferring:
---------------------------------------------------------------
Account: 0x71b853c37c1EE58bbd83147482e5cf2bdF04586E
Balance: 99999800
---------------------------------------------------------------
---------------------------------------------------------------
Account: 0x8EBdae952223DA3D03050D4d6F28E4c58B391cdb
Balance: 2000200
---------------------------------------------------------------
Transaction hash: 0x8bbce621b67a8fa577dacd8e8f81785f654adc99f71818f8b1de529cd63a4085
After transferring:
---------------------------------------------------------------
Account: 0x71b853c37c1EE58bbd83147482e5cf2bdF04586E
Balance: 99999700
---------------------------------------------------------------
---------------------------------------------------------------
Account: 0x8EBdae952223DA3D03050D4d6F28E4c58B391cdb
Balance: 2000300
---------------------------------------------------------------
Using network 'development'.

Contract instance address: [object Object]
Token name: TTToken
Token decimals: 18
Total supply: 102000000
Before transferring:
---------------------------------------------------------------
Account: 0x71b853c37c1EE58bbd83147482e5cf2bdF04586E
Balance: 99999700
---------------------------------------------------------------
---------------------------------------------------------------
Account: 0x8EBdae952223DA3D03050D4d6F28E4c58B391cdb
Balance: 2000300
---------------------------------------------------------------
Transaction hash: 0x91ce86250701e319468e510af3ad80ffa99176029e87a7d37f8ca1f721059bd3
After transferring:
---------------------------------------------------------------
Account: 0x71b853c37c1EE58bbd83147482e5cf2bdF04586E
Balance: 99999600
---------------------------------------------------------------
---------------------------------------------------------------
Account: 0x8EBdae952223DA3D03050D4d6F28E4c58B391cdb
Balance: 2000400
---------------------------------------------------------------
