[2019/12/26 14:53:17.436] - Starting server (version 2.1.2) with initial configuration: {"gasLimit":6721975,"gasPrice":20000000000,"hardfork":"petersburg","db_path":"/Users/binny/Library/Application Support/Ganache/workspaces/hurt-toys/chaindata","default_balance_ether":100,"hostname":"192.168.31.68","locked":false,"network_id":5777,"port":7545,"total_accounts":5,"unlocked_accounts":[],"verbose":true,"vmErrorsOnRPCResponse":true,"logDirectory":"/Users/binny/solidity_study/log"}
[2019/12/26 14:53:17.472] - eth_subscribe
[2019/12/26 14:53:17.474] -    > {
   >   "jsonrpc": "2.0",
   >   "id": 11,
   >   "method": "eth_subscribe",
   >   "params": [
   >     "newHeads"
   >   ]
   > }
[2019/12/26 14:53:17.475] - eth_getLogs
[2019/12/26 14:53:17.480] -    > {
   >   "jsonrpc": "2.0",
   >   "id": 12,
   >   "method": "eth_getLogs",
   >   "params": [
   >     {
   >       "topics": []
   >     }
   >   ]
   > }
[2019/12/26 14:53:17.481] -  <   {
 <     "id": 11,
 <     "jsonrpc": "2.0",
 <     "result": "0x1"
 <   }
[2019/12/26 14:53:17.485] - eth_subscribe
[2019/12/26 14:53:17.485] -    > {
   >   "jsonrpc": "2.0",
   >   "id": 13,
   >   "method": "eth_subscribe",
   >   "params": [
   >     "logs",
   >     {
   >       "topics": []
   >     }
   >   ]
   > }
[2019/12/26 14:53:17.496] -  <   {
 <     "id": 12,
 <     "jsonrpc": "2.0",
 <     "result": []
 <   }
[2019/12/26 14:53:17.499] - eth_blockNumber
[2019/12/26 14:53:17.499] -    > {
   >   "jsonrpc": "2.0",
   >   "id": 74,
   >   "method": "eth_blockNumber",
   >   "params": [],
   >   "internal": true
   > }
[2019/12/26 14:53:17.499] - eth_accounts
[2019/12/26 14:53:17.499] -    > {
   >   "jsonrpc": "2.0",
   >   "id": 75,
   >   "method": "eth_accounts",
   >   "params": [],
   >   "internal": true
   > }
[2019/12/26 14:53:17.500] -  <   {
 <     "id": 13,
 <     "jsonrpc": "2.0",
 <     "result": "0x2"
 <   }
[2019/12/26 14:53:17.500] - eth_gasPrice
[2019/12/26 14:53:17.501] -    > {
   >   "jsonrpc": "2.0",
   >   "id": 76,
   >   "method": "eth_gasPrice",
   >   "params": [],
   >   "internal": true
   > }
[2019/12/26 14:53:17.501] - eth_getBlockByNumber
[2019/12/26 14:53:17.502] -    > {
   >   "jsonrpc": "2.0",
   >   "id": 77,
   >   "method": "eth_getBlockByNumber",
   >   "params": [
   >     "latest",
   >     false
   >   ],
   >   "internal": true
   > }
[2019/12/26 14:53:17.502] -  <   {
 <     "id": 74,
 <     "jsonrpc": "2.0",
 <     "result": "0x0"
 <   }
[2019/12/26 14:53:17.503] - eth_subscribe
[2019/12/26 14:53:17.503] -    > {
   >   "jsonrpc": "2.0",
   >   "id": 78,
   >   "method": "eth_subscribe",
   >   "params": [
   >     "newHeads"
   >   ],
   >   "internal": true
   > }
[2019/12/26 14:53:17.505] -  <   {
 <     "id": 75,
 <     "jsonrpc": "2.0",
 <     "result": [
 <       "0x69a8c8da4de68181c63d9ce5c56b2f5a010ffbb4",
 <       "0x9dd96ac18ec5a122b3fa560f23c05ef0e9d99338",
 <       "0xd40c15be01129636af1604ab850bf15381b8f144",
 <       "0xdfd2d53b4ccbb73ef12bb4c42088cfd999b3e6d0",
 <       "0x42f33299c7a47978b794c24215eeb7978abd4fa9"
 <     ]
 <   }
[2019/12/26 14:53:17.507] -  <   {
 <     "id": 76,
 <     "jsonrpc": "2.0",
 <     "result": "0x4a817c800"
 <   }
[2019/12/26 14:53:17.510] -  <   {
 <     "id": 77,
 <     "jsonrpc": "2.0",
 <     "result": {
 <       "number": "0x0",
 <       "hash": "0x1bfa2b3b2b61cc01d21189b9b60b4ff5a4773e124ed791bd90627e3dffc3cf94",
 <       "parentHash": "0x0000000000000000000000000000000000000000000000000000000000000000",
 <       "mixHash": "0x0000000000000000000000000000000000000000000000000000000000000000",
 <       "nonce": "0x0000000000000000",
 <       "sha3Uncles": "0x1dcc4de8dec75d7aab85b567b6ccd41ad312451b948a7413f0a142fd40d49347",
 <       "logsBloom": "0x00000000000000000000000000000000000000000000000000000000000000000000000000000000000000000000000000000000000000000000000000000000000000000000000000000000000000000000000000000000000000000000000000000000000000000000000000000000000000000000000000000000000000000000000000000000000000000000000000000000000000000000000000000000000000000000000000000000000000000000000000000000000000000000000000000000000000000000000000000000000000000000000000000000000000000000000000000000000000000000000000000000000000000000000000000000",
 <       "transactionsRoot": "0x56e81f171bcc55a6ff8345e692c0f86e5b48e01b996cadc001622fb5e363b421",
 <       "stateRoot": "0xb54e6d9854dfc5068598d65bb4aa65b4e567bd063b8357f4f366ab78508f3ec4",
 <       "receiptsRoot": "0x56e81f171bcc55a6ff8345e692c0f86e5b48e01b996cadc001622fb5e363b421",
 <       "miner": "0x0000000000000000000000000000000000000000",
 <       "difficulty": "0x0",
 <       "totalDifficulty": "0x0",
 <       "extraData": "0x",
 <       "size": "0x3e8",
 <       "gasLimit": "0x6691b7",
 <       "gasUsed": "0x0",
 <       "timestamp": "0x5e0458ca",
 <       "transactions": [],
 <       "uncles": []
 <     }
 <   }
[2019/12/26 14:53:17.512] - eth_accounts
[2019/12/26 14:53:17.512] -    > {
   >   "jsonrpc": "2.0",
   >   "id": 79,
   >   "method": "eth_accounts",
   >   "params": [],
   >   "internal": true
   > }
[2019/12/26 14:53:17.517] -  <   {
 <     "id": 78,
 <     "jsonrpc": "2.0",
 <     "result": "0x3"
 <   }
[2019/12/26 14:53:17.520] -  <   {
 <     "id": 79,
 <     "jsonrpc": "2.0",
 <     "result": [
 <       "0x69a8c8da4de68181c63d9ce5c56b2f5a010ffbb4",
 <       "0x9dd96ac18ec5a122b3fa560f23c05ef0e9d99338",
 <       "0xd40c15be01129636af1604ab850bf15381b8f144",
 <       "0xdfd2d53b4ccbb73ef12bb4c42088cfd999b3e6d0",
 <       "0x42f33299c7a47978b794c24215eeb7978abd4fa9"
 <     ]
 <   }
[2019/12/26 14:53:17.527] - eth_getBalance
[2019/12/26 14:53:17.527] -    > {
   >   "jsonrpc": "2.0",
   >   "id": 80,
   >   "method": "eth_getBalance",
   >   "params": [
   >     "0x69a8c8da4de68181c63d9ce5c56b2f5a010ffbb4",
   >     "latest"
   >   ],
   >   "internal": true
   > }
[2019/12/26 14:53:17.528] - eth_getTransactionCount
[2019/12/26 14:53:17.528] -    > {
   >   "jsonrpc": "2.0",
   >   "id": 81,
   >   "method": "eth_getTransactionCount",
   >   "params": [
   >     "0x69a8c8da4de68181c63d9ce5c56b2f5a010ffbb4",
   >     "latest"
   >   ],
   >   "internal": true
   > }
[2019/12/26 14:53:17.530] - eth_getBalance
[2019/12/26 14:53:17.531] -    > {
   >   "jsonrpc": "2.0",
   >   "id": 82,
   >   "method": "eth_getBalance",
   >   "params": [
   >     "0x9dd96ac18ec5a122b3fa560f23c05ef0e9d99338",
   >     "latest"
   >   ],
   >   "internal": true
   > }
[2019/12/26 14:53:17.531] - eth_getTransactionCount
[2019/12/26 14:53:17.531] -    > {
   >   "jsonrpc": "2.0",
   >   "id": 83,
   >   "method": "eth_getTransactionCount",
   >   "params": [
   >     "0x9dd96ac18ec5a122b3fa560f23c05ef0e9d99338",
   >     "latest"
   >   ],
   >   "internal": true
   > }
[2019/12/26 14:53:17.532] -  <   {
 <     "id": 80,
 <     "jsonrpc": "2.0",
 <     "result": "0x56bc75e2d63100000"
 <   }
[2019/12/26 14:53:17.532] - eth_getBalance
[2019/12/26 14:53:17.532] -    > {
   >   "jsonrpc": "2.0",
   >   "id": 84,
   >   "method": "eth_getBalance",
   >   "params": [
   >     "0xd40c15be01129636af1604ab850bf15381b8f144",
   >     "latest"
   >   ],
   >   "internal": true
   > }
[2019/12/26 14:53:17.534] -  <   {
 <     "id": 81,
 <     "jsonrpc": "2.0",
 <     "result": "0x0"
 <   }
[2019/12/26 14:53:17.535] - eth_getTransactionCount
[2019/12/26 14:53:17.535] -    > {
   >   "jsonrpc": "2.0",
   >   "id": 85,
   >   "method": "eth_getTransactionCount",
   >   "params": [
   >     "0xd40c15be01129636af1604ab850bf15381b8f144",
   >     "latest"
   >   ],
   >   "internal": true
   > }
[2019/12/26 14:53:17.536] - eth_getBalance
[2019/12/26 14:53:17.537] -    > {
   >   "jsonrpc": "2.0",
   >   "id": 86,
   >   "method": "eth_getBalance",
   >   "params": [
   >     "0xdfd2d53b4ccbb73ef12bb4c42088cfd999b3e6d0",
   >     "latest"
   >   ],
   >   "internal": true
   > }
[2019/12/26 14:53:17.539] - eth_getTransactionCount
[2019/12/26 14:53:17.539] -    > {
   >   "jsonrpc": "2.0",
   >   "id": 87,
   >   "method": "eth_getTransactionCount",
   >   "params": [
   >     "0xdfd2d53b4ccbb73ef12bb4c42088cfd999b3e6d0",
   >     "latest"
   >   ],
   >   "internal": true
   > }
[2019/12/26 14:53:17.539] - eth_getBalance
[2019/12/26 14:53:17.539] -    > {
   >   "jsonrpc": "2.0",
   >   "id": 88,
   >   "method": "eth_getBalance",
   >   "params": [
   >     "0x42f33299c7a47978b794c24215eeb7978abd4fa9",
   >     "latest"
   >   ],
   >   "internal": true
   > }
[2019/12/26 14:53:17.540] - eth_getTransactionCount
[2019/12/26 14:53:17.540] -    > {
   >   "jsonrpc": "2.0",
   >   "id": 89,
   >   "method": "eth_getTransactionCount",
   >   "params": [
   >     "0x42f33299c7a47978b794c24215eeb7978abd4fa9",
   >     "latest"
   >   ],
   >   "internal": true
   > }
[2019/12/26 14:53:17.541] -  <   {
 <     "id": 82,
 <     "jsonrpc": "2.0",
 <     "result": "0x56bc75e2d63100000"
 <   }
[2019/12/26 14:53:17.543] -  <   {
 <     "id": 83,
 <     "jsonrpc": "2.0",
 <     "result": "0x0"
 <   }
[2019/12/26 14:53:17.546] -  <   {
 <     "id": 84,
 <     "jsonrpc": "2.0",
 <     "result": "0x56bc75e2d63100000"
 <   }
[2019/12/26 14:53:17.548] -  <   {
 <     "id": 85,
 <     "jsonrpc": "2.0",
 <     "result": "0x0"
 <   }
[2019/12/26 14:53:17.558] -  <   {
 <     "id": 86,
 <     "jsonrpc": "2.0",
 <     "result": "0x56bc75e2d63100000"
 <   }
[2019/12/26 14:53:17.561] -  <   {
 <     "id": 87,
 <     "jsonrpc": "2.0",
 <     "result": "0x0"
 <   }
[2019/12/26 14:53:17.567] -  <   {
 <     "id": 88,
 <     "jsonrpc": "2.0",
 <     "result": "0x56bc75e2d63100000"
 <   }
[2019/12/26 14:53:17.569] - eth_getBalance
[2019/12/26 14:53:17.570] -    > {
   >   "jsonrpc": "2.0",
   >   "id": 90,
   >   "method": "eth_getBalance",
   >   "params": [
   >     "0x69a8c8da4de68181c63d9ce5c56b2f5a010ffbb4",
   >     "latest"
   >   ],
   >   "internal": true
   > }
[2019/12/26 14:53:17.571] -  <   {
 <     "id": 89,
 <     "jsonrpc": "2.0",
 <     "result": "0x0"
 <   }
[2019/12/26 14:53:17.572] - eth_getTransactionCount
[2019/12/26 14:53:17.572] -    > {
   >   "jsonrpc": "2.0",
   >   "id": 91,
   >   "method": "eth_getTransactionCount",
   >   "params": [
   >     "0x69a8c8da4de68181c63d9ce5c56b2f5a010ffbb4",
   >     "latest"
   >   ],
   >   "internal": true
   > }
[2019/12/26 14:53:17.573] - eth_getBalance
[2019/12/26 14:53:17.573] -    > {
   >   "jsonrpc": "2.0",
   >   "id": 92,
   >   "method": "eth_getBalance",
   >   "params": [
   >     "0x9dd96ac18ec5a122b3fa560f23c05ef0e9d99338",
   >     "latest"
   >   ],
   >   "internal": true
   > }
[2019/12/26 14:53:17.575] -  <   {
 <     "id": 90,
 <     "jsonrpc": "2.0",
 <     "result": "0x56bc75e2d63100000"
 <   }
[2019/12/26 14:53:17.576] - eth_getTransactionCount
[2019/12/26 14:53:17.576] -    > {
   >   "jsonrpc": "2.0",
   >   "id": 93,
   >   "method": "eth_getTransactionCount",
   >   "params": [
   >     "0x9dd96ac18ec5a122b3fa560f23c05ef0e9d99338",
   >     "latest"
   >   ],
   >   "internal": true
   > }
[2019/12/26 14:53:17.577] - eth_getBalance
[2019/12/26 14:53:17.578] -    > {
   >   "jsonrpc": "2.0",
   >   "id": 94,
   >   "method": "eth_getBalance",
   >   "params": [
   >     "0xd40c15be01129636af1604ab850bf15381b8f144",
   >     "latest"
   >   ],
   >   "internal": true
   > }
[2019/12/26 14:53:17.579] -  <   {
 <     "id": 91,
 <     "jsonrpc": "2.0",
 <     "result": "0x0"
 <   }
[2019/12/26 14:53:17.579] - eth_getTransactionCount
[2019/12/26 14:53:17.579] -    > {
   >   "jsonrpc": "2.0",
   >   "id": 95,
   >   "method": "eth_getTransactionCount",
   >   "params": [
   >     "0xd40c15be01129636af1604ab850bf15381b8f144",
   >     "latest"
   >   ],
   >   "internal": true
   > }
[2019/12/26 14:53:17.579] - eth_getBalance
[2019/12/26 14:53:17.580] -    > {
   >   "jsonrpc": "2.0",
   >   "id": 96,
   >   "method": "eth_getBalance",
   >   "params": [
   >     "0xdfd2d53b4ccbb73ef12bb4c42088cfd999b3e6d0",
   >     "latest"
   >   ],
   >   "internal": true
   > }
[2019/12/26 14:53:17.581] - eth_getTransactionCount
[2019/12/26 14:53:17.581] -    > {
   >   "jsonrpc": "2.0",
   >   "id": 97,
   >   "method": "eth_getTransactionCount",
   >   "params": [
   >     "0xdfd2d53b4ccbb73ef12bb4c42088cfd999b3e6d0",
   >     "latest"
   >   ],
   >   "internal": true
   > }
[2019/12/26 14:53:17.582] -  <   {
 <     "id": 92,
 <     "jsonrpc": "2.0",
 <     "result": "0x56bc75e2d63100000"
 <   }
[2019/12/26 14:53:17.585] - eth_getBalance
[2019/12/26 14:53:17.585] -    > {
   >   "jsonrpc": "2.0",
   >   "id": 98,
   >   "method": "eth_getBalance",
   >   "params": [
   >     "0x42f33299c7a47978b794c24215eeb7978abd4fa9",
   >     "latest"
   >   ],
   >   "internal": true
   > }
[2019/12/26 14:53:17.586] - eth_getTransactionCount
[2019/12/26 14:53:17.586] -    > {
   >   "jsonrpc": "2.0",
   >   "id": 99,
   >   "method": "eth_getTransactionCount",
   >   "params": [
   >     "0x42f33299c7a47978b794c24215eeb7978abd4fa9",
   >     "latest"
   >   ],
   >   "internal": true
   > }
[2019/12/26 14:53:17.590] -  <   {
 <     "id": 93,
 <     "jsonrpc": "2.0",
 <     "result": "0x0"
 <   }
[2019/12/26 14:53:17.593] -  <   {
 <     "id": 94,
 <     "jsonrpc": "2.0",
 <     "result": "0x56bc75e2d63100000"
 <   }
[2019/12/26 14:53:17.595] -  <   {
 <     "id": 95,
 <     "jsonrpc": "2.0",
 <     "result": "0x0"
 <   }
[2019/12/26 14:53:17.598] -  <   {
 <     "id": 96,
 <     "jsonrpc": "2.0",
 <     "result": "0x56bc75e2d63100000"
 <   }
[2019/12/26 14:53:17.601] -  <   {
 <     "id": 97,
 <     "jsonrpc": "2.0",
 <     "result": "0x0"
 <   }
[2019/12/26 14:53:17.604] -  <   {
 <     "id": 98,
 <     "jsonrpc": "2.0",
 <     "result": "0x56bc75e2d63100000"
 <   }
[2019/12/26 14:53:17.607] -  <   {
 <     "id": 99,
 <     "jsonrpc": "2.0",
 <     "result": "0x0"
 <   }
[2019/12/26 14:53:27.255] - eth_getBlockByNumber
[2019/12/26 14:53:27.256] -    > {
   >   "jsonrpc": "2.0",
   >   "id": 100,
   >   "method": "eth_getBlockByNumber",
   >   "params": [
   >     "0x0",
   >     true
   >   ],
   >   "internal": true
   > }
[2019/12/26 14:53:27.259] -  <   {
 <     "id": 100,
 <     "jsonrpc": "2.0",
 <     "result": {
 <       "number": "0x0",
 <       "hash": "0x1bfa2b3b2b61cc01d21189b9b60b4ff5a4773e124ed791bd90627e3dffc3cf94",
 <       "parentHash": "0x0000000000000000000000000000000000000000000000000000000000000000",
 <       "mixHash": "0x0000000000000000000000000000000000000000000000000000000000000000",
 <       "nonce": "0x0000000000000000",
 <       "sha3Uncles": "0x1dcc4de8dec75d7aab85b567b6ccd41ad312451b948a7413f0a142fd40d49347",
 <       "logsBloom": "0x00000000000000000000000000000000000000000000000000000000000000000000000000000000000000000000000000000000000000000000000000000000000000000000000000000000000000000000000000000000000000000000000000000000000000000000000000000000000000000000000000000000000000000000000000000000000000000000000000000000000000000000000000000000000000000000000000000000000000000000000000000000000000000000000000000000000000000000000000000000000000000000000000000000000000000000000000000000000000000000000000000000000000000000000000000000",
 <       "transactionsRoot": "0x56e81f171bcc55a6ff8345e692c0f86e5b48e01b996cadc001622fb5e363b421",
 <       "stateRoot": "0xb54e6d9854dfc5068598d65bb4aa65b4e567bd063b8357f4f366ab78508f3ec4",
 <       "receiptsRoot": "0x56e81f171bcc55a6ff8345e692c0f86e5b48e01b996cadc001622fb5e363b421",
 <       "miner": "0x0000000000000000000000000000000000000000",
 <       "difficulty": "0x0",
 <       "totalDifficulty": "0x0",
 <       "extraData": "0x",
 <       "size": "0x3e8",
 <       "gasLimit": "0x6691b7",
 <       "gasUsed": "0x0",
 <       "timestamp": "0x5e0458ca",
 <       "transactions": [],
 <       "uncles": []
 <     }
 <   }
[2019/12/26 14:53:28.485] - eth_getBlockByNumber
[2019/12/26 14:53:28.485] -    > {
   >   "jsonrpc": "2.0",
   >   "id": 101,
   >   "method": "eth_getBlockByNumber",
   >   "params": [
   >     "0x0",
   >     false
   >   ],
   >   "internal": true
   > }
[2019/12/26 14:53:28.489] -  <   {
 <     "id": 101,
 <     "jsonrpc": "2.0",
 <     "result": {
 <       "number": "0x0",
 <       "hash": "0x1bfa2b3b2b61cc01d21189b9b60b4ff5a4773e124ed791bd90627e3dffc3cf94",
 <       "parentHash": "0x0000000000000000000000000000000000000000000000000000000000000000",
 <       "mixHash": "0x0000000000000000000000000000000000000000000000000000000000000000",
 <       "nonce": "0x0000000000000000",
 <       "sha3Uncles": "0x1dcc4de8dec75d7aab85b567b6ccd41ad312451b948a7413f0a142fd40d49347",
 <       "logsBloom": "0x00000000000000000000000000000000000000000000000000000000000000000000000000000000000000000000000000000000000000000000000000000000000000000000000000000000000000000000000000000000000000000000000000000000000000000000000000000000000000000000000000000000000000000000000000000000000000000000000000000000000000000000000000000000000000000000000000000000000000000000000000000000000000000000000000000000000000000000000000000000000000000000000000000000000000000000000000000000000000000000000000000000000000000000000000000000",
 <       "transactionsRoot": "0x56e81f171bcc55a6ff8345e692c0f86e5b48e01b996cadc001622fb5e363b421",
 <       "stateRoot": "0xb54e6d9854dfc5068598d65bb4aa65b4e567bd063b8357f4f366ab78508f3ec4",
 <       "receiptsRoot": "0x56e81f171bcc55a6ff8345e692c0f86e5b48e01b996cadc001622fb5e363b421",
 <       "miner": "0x0000000000000000000000000000000000000000",
 <       "difficulty": "0x0",
 <       "totalDifficulty": "0x0",
 <       "extraData": "0x",
 <       "size": "0x3e8",
 <       "gasLimit": "0x6691b7",
 <       "gasUsed": "0x0",
 <       "timestamp": "0x5e0458ca",
 <       "transactions": [],
 <       "uncles": []
 <     }
 <   }
[2019/12/26 14:53:28.504] - eth_getBlockTransactionCountByNumber
[2019/12/26 14:53:28.505] -    > {
   >   "jsonrpc": "2.0",
   >   "id": 102,
   >   "method": "eth_getBlockTransactionCountByNumber",
   >   "params": [
   >     "0x0"
   >   ],
   >   "internal": true
   > }
[2019/12/26 14:53:28.506] -  <   {
 <     "id": 102,
 <     "jsonrpc": "2.0",
 <     "result": "0x0"
 <   }
