Using network 'development'.

Contract instance address: [object Object]
Token name: TTToken
Token decimals: 18
Total supply: 102000000
Before transferring:
---------------------------------------------------------------
Account: 0x71b853c37c1EE58bbd83147482e5cf2bdF04586E
Balance: 99999900
---------------------------------------------------------------
---------------------------------------------------------------
Account: 0x8EBdae952223DA3D03050D4d6F28E4c58B391cdb
Balance: 2000100
---------------------------------------------------------------
Transaction hash: 0x0966e8998aca74a4c01aef25a52339955dd3f1b48c7e11daa60b5a47002a192d
After transferring:
---------------------------------------------------------------
Account: 0x71b853c37c1EE58bbd83147482e5cf2bdF04586E
Balance: 99999800
---------------------------------------------------------------
---------------------------------------------------------------
Account: 0x8EBdae952223DA3D03050D4d6F28E4c58B391cdb
Balance: 2000200
---------------------------------------------------------------
